2014/06/22 06:23:39 [error] [php] array_key_exists() expects parameter 2 to be array, string given (F:\xampp\htdocs\yii\yii-jquery\framework\web\helpers\CHtml.php:457)
Stack trace:
#0 F:\xampp\htdocs\yii\yii-jquery\framework\web\CBaseController.php(126): require()
#1 F:\xampp\htdocs\yii\yii-jquery\framework\web\CBaseController.php(95): SiteController->renderInternal()
#2 F:\xampp\htdocs\yii\yii-jquery\framework\web\CController.php(869): SiteController->renderFile()
#3 F:\xampp\htdocs\yii\yii-jquery\framework\web\CController.php(782): SiteController->renderPartial()
#4 F:\xampp\htdocs\yii\yii-jquery\protected\controllers\SiteController.php(32): SiteController->render()
#5 F:\xampp\htdocs\yii\yii-jquery\framework\web\actions\CInlineAction.php(49): SiteController->actionIndex()
#6 F:\xampp\htdocs\yii\yii-jquery\framework\web\CController.php(308): CInlineAction->runWithParams()
#7 F:\xampp\htdocs\yii\yii-jquery\framework\web\CController.php(286): SiteController->runAction()
#8 F:\xampp\htdocs\yii\yii-jquery\framework\web\CController.php(265): SiteController->runActionWithFilters()
#9 F:\xampp\htdocs\yii\yii-jquery\framework\web\CWebApplication.php(282): SiteController->run()
#10 F:\xampp\htdocs\yii\yii-jquery\framework\web\CWebApplication.php(141): CWebApplication->runController()
#11 F:\xampp\htdocs\yii\yii-jquery\framework\base\CApplication.php(180): CWebApplication->processRequest()
#12 F:\xampp\htdocs\yii\yii-jquery\index.php(13): CWebApplication->run()
REQUEST_URI=/yii/yii-jquery/
in F:\xampp\htdocs\yii\yii-jquery\protected\views\site\index.php (35)
in F:\xampp\htdocs\yii\yii-jquery\protected\controllers\SiteController.php (32)
in F:\xampp\htdocs\yii\yii-jquery\index.php (13)
2014/06/26 07:56:44 [error] [php] Use of undefined constant Male - assumed 'Male' (F:\xampp\htdocs\yii\yii-jquery\protected\controllers\MemberController.php:130)
Stack trace:
#0 F:\xampp\htdocs\yii\yii-jquery\framework\web\filters\CFilterChain.php(133): MemberController->runAction()
#1 F:\xampp\htdocs\yii\yii-jquery\framework\web\filters\CFilter.php(40): CFilterChain->run()
#2 F:\xampp\htdocs\yii\yii-jquery\framework\web\CController.php(1145): CAccessControlFilter->filter()
#3 F:\xampp\htdocs\yii\yii-jquery\framework\web\filters\CInlineFilter.php(58): MemberController->filterAccessControl()
#4 F:\xampp\htdocs\yii\yii-jquery\framework\web\filters\CFilterChain.php(130): CInlineFilter->filter()
#5 F:\xampp\htdocs\yii\yii-jquery\framework\web\CController.php(291): CFilterChain->run()
#6 F:\xampp\htdocs\yii\yii-jquery\framework\web\CController.php(265): MemberController->runActionWithFilters()
#7 F:\xampp\htdocs\yii\yii-jquery\framework\web\CWebApplication.php(282): MemberController->run()
#8 F:\xampp\htdocs\yii\yii-jquery\framework\web\CWebApplication.php(141): CWebApplication->runController()
#9 F:\xampp\htdocs\yii\yii-jquery\framework\base\CApplication.php(180): CWebApplication->processRequest()
#10 F:\xampp\htdocs\yii\yii-jquery\index.php(13): CWebApplication->run()
REQUEST_URI=/yii/yii-jquery/index.php?r=member/index
in F:\xampp\htdocs\yii\yii-jquery\protected\controllers\MemberController.php (130)
in F:\xampp\htdocs\yii\yii-jquery\index.php (13)
